生成启动时间为 2014/11/15 7:26:28。
     1>项目“F:\Seclab\Github\Packet_2_Flow_wiz_Stat_4_PCAP\1031.vcxproj”在节点 2 上(build 个目标)。
     1>InitializeBuildStatus:
         正在创建“.\Debug\1031.unsuccessfulbuild”，因为已指定“AlwaysCreate”。
       ClCompile:
         C:\Program Files\Microsoft Visual Studio 10.0\VC\bin\CL.exe /c /ZI /nologo /W3 /WX- /Od /Oy- /D WIN32 /D _DEBUG /D _CONSOLE /D _VC80_UPGRADE=0x0600 /D _MBCS /Gm /EHsc /RTC1 /MTd /GS /Gy- /fp:precise /Zc:wchar_t /Zc:forScope /Fo".\Debug\\" /Fd".\Debug\vc100.pdb" /FR".\Debug\\" /Gd /TP /analyze- /errorReport:prompt main.cpp
         main.cpp
     1>f:\seclab\github\packet_2_flow_wiz_stat_4_pcap\stat_cal.h(107): warning C4244: “+=”: 从“double”转换到“u_long”，可能丢失数据
     1>f:\seclab\github\packet_2_flow_wiz_stat_4_pcap\main.cpp(43): warning C4996: 'localtime': This function or variable may be unsafe. Consider using localtime_s instead. To disable deprecation, use _CRT_SECURE_NO_WARNINGS. See online help for details.
                 c:\program files\microsoft visual studio 10.0\vc\include\time.inl(112) : 参见“localtime”的声明
     1>f:\seclab\github\packet_2_flow_wiz_stat_4_pcap\main.cpp(52): warning C4996: 'sprintf': This function or variable may be unsafe. Consider using sprintf_s instead. To disable deprecation, use _CRT_SECURE_NO_WARNINGS. See online help for details.
                 c:\program files\microsoft visual studio 10.0\vc\include\stdio.h(371) : 参见“sprintf”的声明
     1>f:\seclab\github\packet_2_flow_wiz_stat_4_pcap\main.cpp(55): warning C4996: 'strcpy': This function or variable may be unsafe. Consider using strcpy_s instead. To disable deprecation, use _CRT_SECURE_NO_WARNINGS. See online help for details.
                 c:\program files\microsoft visual studio 10.0\vc\include\string.h(105) : 参见“strcpy”的声明
     1>f:\seclab\github\packet_2_flow_wiz_stat_4_pcap\main.cpp(56): warning C4996: 'strcat': This function or variable may be unsafe. Consider using strcat_s instead. To disable deprecation, use _CRT_SECURE_NO_WARNINGS. See online help for details.
                 c:\program files\microsoft visual studio 10.0\vc\include\string.h(110) : 参见“strcat”的声明
     1>f:\seclab\github\packet_2_flow_wiz_stat_4_pcap\main.cpp(57): warning C4996: 'strcat': This function or variable may be unsafe. Consider using strcat_s instead. To disable deprecation, use _CRT_SECURE_NO_WARNINGS. See online help for details.
                 c:\program files\microsoft visual studio 10.0\vc\include\string.h(110) : 参见“strcat”的声明
     1>f:\seclab\github\packet_2_flow_wiz_stat_4_pcap\main.cpp(58): warning C4996: 'strcat': This function or variable may be unsafe. Consider using strcat_s instead. To disable deprecation, use _CRT_SECURE_NO_WARNINGS. See online help for details.
                 c:\program files\microsoft visual studio 10.0\vc\include\string.h(110) : 参见“strcat”的声明
     1>f:\seclab\github\packet_2_flow_wiz_stat_4_pcap\main.cpp(61): warning C4996: 'fopen': This function or variable may be unsafe. Consider using fopen_s instead. To disable deprecation, use _CRT_SECURE_NO_WARNINGS. See online help for details.
                 c:\program files\microsoft visual studio 10.0\vc\include\stdio.h(234) : 参见“fopen”的声明
       ManifestResourceCompile:
         所有输出均为最新。
       Link:
         C:\Program Files\Microsoft Visual Studio 10.0\VC\bin\link.exe /ERRORREPORT:PROMPT /OUT:".\Debug\1031.exe" /INCREMENTAL /NOLOGO odbc32.lib odbccp32.lib kernel32.lib user32.lib gdi32.lib winspool.lib comdlg32.lib advapi32.lib shell32.lib ole32.lib oleaut32.lib uuid.lib odbc32.lib odbccp32.lib /MANIFEST /ManifestFile:".\Debug\1031.exe.intermediate.manifest" /MANIFESTUAC:"level='asInvoker' uiAccess='false'" /DEBUG /PDB:"F:\Seclab\Github\Packet_2_Flow_wiz_Stat_4_PCAP\Debug\1031.pdb" /SUBSYSTEM:CONSOLE /TLBID:1 /DYNAMICBASE /NXCOMPAT /IMPLIB:".\Debug\1031.lib" /MACHINE:X86 .\Debug\1031.exe.embed.manifest.res
         .\Debug\main.obj
         ..\..\..\..\LabTool\WpdPack_4_1_1\WpdPack\Lib\wpcap.lib
       Manifest:
         C:\Program Files\Microsoft SDKs\Windows\v7.0A\bin\mt.exe /nologo /verbose /out:".\Debug\1031.exe.embed.manifest" /manifest .\Debug\1031.exe.intermediate.manifest
         所有输出均为最新。
       LinkEmbedManifest:
         所有输出均为最新。
         1031.vcxproj -> F:\Seclab\Github\Packet_2_Flow_wiz_Stat_4_PCAP\.\Debug\1031.exe
       BscMake:
         C:\Program Files\Microsoft Visual Studio 10.0\VC\bin\bscmake.exe /nologo /o".\Debug\1031.bsc" .\Debug\main.sbr
       FinalizeBuildStatus:
         正在删除文件“.\Debug\1031.unsuccessfulbuild”。
         正在对“.\Debug\1031.lastbuildstate”执行 Touch 任务。
     1>已完成生成项目“F:\Seclab\Github\Packet_2_Flow_wiz_Stat_4_PCAP\1031.vcxproj”(build 个目标)的操作。

生成成功。

已用时间 00:00:02.45
