.\Debug\1031.bsc
.\Debug\1031.ilk
.\Debug\1031.pdb
F:\Seclab\Project\NetworkFlow\PktInfo_on_vs\.\Debug\1031.exe
F:\Seclab\Project\NetworkFlow\PktInfo_on_vs\.\Debug\1031.exe.intermediate.manifest
F:\SECLAB\PROJECT\NETWORKFLOW\PKTINFO_ON_VS\DEBUG\1031.BSC
F:\SECLAB\PROJECT\NETWORKFLOW\PKTINFO_ON_VS\DEBUG\1031.EXE
F:\SECLAB\PROJECT\NETWORKFLOW\PKTINFO_ON_VS\DEBUG\1031.EXE.EMBED.MANIFEST
F:\SECLAB\PROJECT\NETWORKFLOW\PKTINFO_ON_VS\DEBUG\1031.EXE.EMBED.MANIFEST.RES
F:\SECLAB\PROJECT\NETWORKFLOW\PKTINFO_ON_VS\DEBUG\1031.EXE.INTERMEDIATE.MANIFEST
F:\SECLAB\PROJECT\NETWORKFLOW\PKTINFO_ON_VS\DEBUG\1031.ILK
F:\SECLAB\PROJECT\NETWORKFLOW\PKTINFO_ON_VS\DEBUG\1031.PDB
F:\Seclab\Project\NetworkFlow\PktInfo_on_vs\Debug\1031.write.1.tlog
F:\Seclab\Project\NetworkFlow\PktInfo_on_vs\Debug\1031_manifest.rc
F:\Seclab\Project\NetworkFlow\PktInfo_on_vs\Debug\BscMake.command.1.tlog
F:\Seclab\Project\NetworkFlow\PktInfo_on_vs\Debug\bscmake.read.1.tlog
F:\Seclab\Project\NetworkFlow\PktInfo_on_vs\Debug\bscmake.write.1.tlog
F:\Seclab\Project\NetworkFlow\PktInfo_on_vs\Debug\cl.command.1.tlog
F:\Seclab\Project\NetworkFlow\PktInfo_on_vs\Debug\CL.read.1.tlog
F:\Seclab\Project\NetworkFlow\PktInfo_on_vs\Debug\CL.write.1.tlog
F:\Seclab\Project\NetworkFlow\PktInfo_on_vs\Debug\link.4232.read.1.tlog
F:\Seclab\Project\NetworkFlow\PktInfo_on_vs\Debug\link.4232.write.1.tlog
F:\Seclab\Project\NetworkFlow\PktInfo_on_vs\Debug\link.4232-cvtres.read.1.tlog
F:\Seclab\Project\NetworkFlow\PktInfo_on_vs\Debug\link.4232-cvtres.write.1.tlog
F:\Seclab\Project\NetworkFlow\PktInfo_on_vs\Debug\link.command.1.tlog
F:\Seclab\Project\NetworkFlow\PktInfo_on_vs\Debug\link.read.1.tlog
F:\Seclab\Project\NetworkFlow\PktInfo_on_vs\Debug\link.write.1.tlog
F:\Seclab\Project\NetworkFlow\PktInfo_on_vs\Debug\link-cvtres.read.1.tlog
F:\Seclab\Project\NetworkFlow\PktInfo_on_vs\Debug\link-cvtres.write.1.tlog
F:\SECLAB\PROJECT\NETWORKFLOW\PKTINFO_ON_VS\DEBUG\MAIN.OBJ
F:\SECLAB\PROJECT\NETWORKFLOW\PKTINFO_ON_VS\DEBUG\MAIN.SBR
F:\Seclab\Project\NetworkFlow\PktInfo_on_vs\Debug\mt.command.1.tlog
F:\Seclab\Project\NetworkFlow\PktInfo_on_vs\Debug\mt.read.1.tlog
F:\Seclab\Project\NetworkFlow\PktInfo_on_vs\Debug\mt.write.1.tlog
F:\SECLAB\PROJECT\NETWORKFLOW\PKTINFO_ON_VS\DEBUG\PKT_HANDLER.OBJ
F:\SECLAB\PROJECT\NETWORKFLOW\PKTINFO_ON_VS\DEBUG\PKT_HANDLER.SBR
F:\Seclab\Project\NetworkFlow\PktInfo_on_vs\Debug\rc.command.1.tlog
F:\Seclab\Project\NetworkFlow\PktInfo_on_vs\Debug\rc.read.1.tlog
F:\Seclab\Project\NetworkFlow\PktInfo_on_vs\Debug\rc.write.1.tlog
F:\Seclab\Project\NetworkFlow\PktInfo_on_vs\Debug\vc100.idb
F:\SECLAB\PROJECT\NETWORKFLOW\PKTINFO_ON_VS\DEBUG\VC100.PDB
